

================================================================
== Vivado HLS Report for 'traffic_decoder'
================================================================
* Date:           Mon Oct  7 23:51:26 2019

* Version:        2019.1 (Build 2552052 on Fri May 24 15:28:33 MDT 2019)
* Project:        traffic_decoder
* Solution:       solution1
* Product family: zynquplus
* Target device:  xczu19eg-ffvc1760-2-i


================================================================
== Performance Estimates
================================================================
+ Timing (ns): 
    * Summary: 
    +--------+-------+----------+------------+
    |  Clock | Target| Estimated| Uncertainty|
    +--------+-------+----------+------------+
    |ap_clk  |   4.00|     1.399|        0.50|
    +--------+-------+----------+------------+

+ Latency (clock cycles): 
    * Summary: 
    +-----+-----+-----+-----+---------+
    |  Latency  |  Interval | Pipeline|
    | min | max | min | max |   Type  |
    +-----+-----+-----+-----+---------+
    |    0|    0|    0|    0|   none  |
    +-----+-----+-----+-----+---------+

    + Detail: 
        * Instance: 
        N/A

        * Loop: 
        N/A



================================================================
== Utilization Estimates
================================================================
* Summary: 
+-----------------+---------+-------+---------+--------+-----+
|       Name      | BRAM_18K| DSP48E|    FF   |   LUT  | URAM|
+-----------------+---------+-------+---------+--------+-----+
|DSP              |        -|      -|        -|       -|    -|
|Expression       |        -|      -|        0|    1232|    -|
|FIFO             |        -|      -|        -|       -|    -|
|Instance         |        -|      -|        -|       -|    -|
|Memory           |        -|      -|        -|       -|    -|
|Multiplexer      |        -|      -|        -|       -|    -|
|Register         |        -|      -|      519|       -|    -|
+-----------------+---------+-------+---------+--------+-----+
|Total            |        0|      0|      519|    1232|    0|
+-----------------+---------+-------+---------+--------+-----+
|Available        |     1968|   1968|  1045440|  522720|  128|
+-----------------+---------+-------+---------+--------+-----+
|Utilization (%)  |        0|      0|    ~0   |   ~0   |    0|
+-----------------+---------+-------+---------+--------+-----+

+ Detail: 
    * Instance: 
    N/A

    * DSP48E: 
    N/A

    * Memory: 
    N/A

    * FIFO: 
    N/A

    * Expression: 
    +-------------------------+----------+-------+---+-----+------------+------------+
    |      Variable Name      | Operation| DSP48E| FF| LUT | Bitwidth P0| Bitwidth P1|
    +-------------------------+----------+-------+---+-----+------------+------------+
    |add_ln700_fu_904_p2      |     +    |      0|  0|   15|           1|           6|
    |decoded_packet_tvalid_V  |    and   |      0|  0|    2|           1|           1|
    |ret_V_fu_872_p2          |    and   |      0|  0|    2|           1|           1|
    |icmp_ln17_fu_707_p2      |   icmp   |      0|  0|   11|           7|           1|
    |icmp_ln879_fu_878_p2     |   icmp   |      0|  0|   11|           6|           1|
    |icmp_ln883_fu_859_p2     |   icmp   |      0|  0|   11|           6|           1|
    |icmp_ln895_10_fu_345_p2  |   icmp   |      0|  0|   11|           7|           6|
    |icmp_ln895_11_fu_351_p2  |   icmp   |      0|  0|   11|           7|           6|
    |icmp_ln895_12_fu_357_p2  |   icmp   |      0|  0|   11|           7|           6|
    |icmp_ln895_13_fu_363_p2  |   icmp   |      0|  0|   11|           7|           6|
    |icmp_ln895_14_fu_369_p2  |   icmp   |      0|  0|   11|           7|           6|
    |icmp_ln895_15_fu_375_p2  |   icmp   |      0|  0|   11|           7|           6|
    |icmp_ln895_16_fu_381_p2  |   icmp   |      0|  0|   11|           7|           6|
    |icmp_ln895_17_fu_387_p2  |   icmp   |      0|  0|   11|           7|           6|
    |icmp_ln895_18_fu_393_p2  |   icmp   |      0|  0|   11|           7|           6|
    |icmp_ln895_19_fu_399_p2  |   icmp   |      0|  0|   11|           7|           6|
    |icmp_ln895_1_fu_291_p2   |   icmp   |      0|  0|   11|           7|           6|
    |icmp_ln895_20_fu_405_p2  |   icmp   |      0|  0|   11|           7|           6|
    |icmp_ln895_21_fu_411_p2  |   icmp   |      0|  0|   11|           7|           6|
    |icmp_ln895_22_fu_417_p2  |   icmp   |      0|  0|   11|           7|           6|
    |icmp_ln895_23_fu_423_p2  |   icmp   |      0|  0|   11|           7|           6|
    |icmp_ln895_24_fu_429_p2  |   icmp   |      0|  0|   11|           7|           6|
    |icmp_ln895_25_fu_435_p2  |   icmp   |      0|  0|   11|           7|           6|
    |icmp_ln895_26_fu_441_p2  |   icmp   |      0|  0|   11|           7|           6|
    |icmp_ln895_27_fu_447_p2  |   icmp   |      0|  0|   11|           7|           6|
    |icmp_ln895_28_fu_453_p2  |   icmp   |      0|  0|   11|           7|           6|
    |icmp_ln895_29_fu_459_p2  |   icmp   |      0|  0|   11|           7|           6|
    |icmp_ln895_2_fu_297_p2   |   icmp   |      0|  0|   11|           7|           6|
    |icmp_ln895_30_fu_465_p2  |   icmp   |      0|  0|   11|           7|           6|
    |icmp_ln895_31_fu_481_p2  |   icmp   |      0|  0|    8|           2|           1|
    |icmp_ln895_32_fu_487_p2  |   icmp   |      0|  0|   11|           7|           5|
    |icmp_ln895_33_fu_493_p2  |   icmp   |      0|  0|   11|           7|           5|
    |icmp_ln895_34_fu_499_p2  |   icmp   |      0|  0|   11|           7|           5|
    |icmp_ln895_35_fu_505_p2  |   icmp   |      0|  0|   11|           7|           5|
    |icmp_ln895_36_fu_511_p2  |   icmp   |      0|  0|   11|           7|           5|
    |icmp_ln895_37_fu_517_p2  |   icmp   |      0|  0|   11|           7|           5|
    |icmp_ln895_38_fu_523_p2  |   icmp   |      0|  0|   11|           7|           5|
    |icmp_ln895_39_fu_529_p2  |   icmp   |      0|  0|   11|           7|           5|
    |icmp_ln895_3_fu_303_p2   |   icmp   |      0|  0|   11|           7|           6|
    |icmp_ln895_40_fu_535_p2  |   icmp   |      0|  0|   11|           7|           5|
    |icmp_ln895_41_fu_541_p2  |   icmp   |      0|  0|   11|           7|           5|
    |icmp_ln895_42_fu_547_p2  |   icmp   |      0|  0|   11|           7|           5|
    |icmp_ln895_43_fu_553_p2  |   icmp   |      0|  0|   11|           7|           5|
    |icmp_ln895_44_fu_559_p2  |   icmp   |      0|  0|   11|           7|           5|
    |icmp_ln895_45_fu_565_p2  |   icmp   |      0|  0|   11|           7|           5|
    |icmp_ln895_46_fu_571_p2  |   icmp   |      0|  0|   11|           7|           5|
    |icmp_ln895_47_fu_587_p2  |   icmp   |      0|  0|    9|           3|           1|
    |icmp_ln895_48_fu_593_p2  |   icmp   |      0|  0|   11|           7|           4|
    |icmp_ln895_49_fu_599_p2  |   icmp   |      0|  0|   11|           7|           4|
    |icmp_ln895_4_fu_309_p2   |   icmp   |      0|  0|   11|           7|           6|
    |icmp_ln895_50_fu_605_p2  |   icmp   |      0|  0|   11|           7|           4|
    |icmp_ln895_51_fu_611_p2  |   icmp   |      0|  0|   11|           7|           4|
    |icmp_ln895_52_fu_617_p2  |   icmp   |      0|  0|   11|           7|           4|
    |icmp_ln895_53_fu_623_p2  |   icmp   |      0|  0|   11|           7|           4|
    |icmp_ln895_54_fu_629_p2  |   icmp   |      0|  0|   11|           7|           4|
    |icmp_ln895_55_fu_645_p2  |   icmp   |      0|  0|    9|           4|           1|
    |icmp_ln895_56_fu_651_p2  |   icmp   |      0|  0|   11|           7|           3|
    |icmp_ln895_57_fu_657_p2  |   icmp   |      0|  0|   11|           7|           3|
    |icmp_ln895_58_fu_663_p2  |   icmp   |      0|  0|   11|           7|           3|
    |icmp_ln895_59_fu_679_p2  |   icmp   |      0|  0|   11|           5|           1|
    |icmp_ln895_5_fu_315_p2   |   icmp   |      0|  0|   11|           7|           6|
    |icmp_ln895_60_fu_685_p2  |   icmp   |      0|  0|   11|           7|           2|
    |icmp_ln895_61_fu_701_p2  |   icmp   |      0|  0|   11|           6|           1|
    |icmp_ln895_6_fu_321_p2   |   icmp   |      0|  0|   11|           7|           6|
    |icmp_ln895_7_fu_327_p2   |   icmp   |      0|  0|   11|           7|           6|
    |icmp_ln895_8_fu_333_p2   |   icmp   |      0|  0|   11|           7|           6|
    |icmp_ln895_9_fu_339_p2   |   icmp   |      0|  0|   11|           7|           6|
    |icmp_ln895_fu_285_p2     |   icmp   |      0|  0|   11|           7|           6|
    |r_V_1_fu_890_p3          |  select  |      0|  0|  505|           1|         512|
    +-------------------------+----------+-------+---+-----+------------+------------+
    |Total                    |          |      0|  0| 1232|         442|         828|
    +-------------------------+----------+-------+---+-----+------------+------------+

    * Multiplexer: 
    N/A

    * Register: 
    +--------------+-----+----+-----+-----------+
    |     Name     |  FF | LUT| Bits| Const Bits|
    +--------------+-----+----+-----+-----------+
    |ap_CS_fsm     |    1|   0|    1|          0|
    |meta_V        |  512|   0|  512|          0|
    |meta_count_V  |    6|   0|    6|          0|
    +--------------+-----+----+-----+-----------+
    |Total         |  519|   0|  519|          0|
    +--------------+-----+----+-----+-----------+



================================================================
== Interface
================================================================
* Summary: 
+-------------------------+-----+-----+--------------+-------------------------+--------------+
|        RTL Ports        | Dir | Bits|   Protocol   |      Source Object      |    C Type    |
+-------------------------+-----+-----+--------------+-------------------------+--------------+
|ap_clk                   |  in |    1| ap_ctrl_none |     traffic_decoder     | return value |
|ap_rst                   |  in |    1| ap_ctrl_none |     traffic_decoder     | return value |
|raw_packet_tdata_V       |  in |  512|    ap_none   |    raw_packet_tdata_V   |    pointer   |
|raw_packet_tvalid_V      |  in |    1|    ap_none   |   raw_packet_tvalid_V   |    pointer   |
|raw_packet_tready_V      | out |    1|    ap_none   |   raw_packet_tready_V   |    pointer   |
|decoded_packet_tdata_V   | out |  512|    ap_none   |  decoded_packet_tdata_V |    pointer   |
|decoded_packet_tkeep_V   | out |   64|    ap_none   |  decoded_packet_tkeep_V |    pointer   |
|decoded_packet_tlast_V   | out |    1|    ap_none   |  decoded_packet_tlast_V |    pointer   |
|decoded_packet_tvalid_V  | out |    1|    ap_none   | decoded_packet_tvalid_V |    pointer   |
|decoded_packet_tready_V  |  in |    1|    ap_none   | decoded_packet_tready_V |    pointer   |
+-------------------------+-----+-----+--------------+-------------------------+--------------+

