

================================================================
== Vivado HLS Report for 'traffic_gen_rx'
================================================================
* Date:           Mon Oct  7 23:52:23 2019

* Version:        2019.1 (Build 2552052 on Fri May 24 15:28:33 MDT 2019)
* Project:        traffic_gen_rx
* Solution:       solution1
* Product family: zynquplus
* Target device:  xczu19eg-ffvc1760-2-i


================================================================
== Performance Estimates
================================================================
+ Timing (ns): 
    * Summary: 
    +--------+-------+----------+------------+
    |  Clock | Target| Estimated| Uncertainty|
    +--------+-------+----------+------------+
    |ap_clk  |   3.10|     1.715|        0.39|
    +--------+-------+----------+------------+

+ Latency (clock cycles): 
    * Summary: 
    +-----+-----+-----+-----+---------+
    |  Latency  |  Interval | Pipeline|
    | min | max | min | max |   Type  |
    +-----+-----+-----+-----+---------+
    |    0|    0|    0|    0|   none  |
    +-----+-----+-----+-----+---------+

    + Detail: 
        * Instance: 
        N/A

        * Loop: 
        N/A

============================================================
+ Verbose Summary: Synthesis Manager
============================================================
InlineROM: 1
ExposeGlobal: 0
============================================================
+ Verbose Summary: CDFG Model
============================================================
IsTopModel: 1
ResetActiveHigh: 1
IsCombinational: 0
IsDatapathOnly: 0
HasWiredReturn: 1
HasMFsm: 0
HasVarLatency: 0
IsPipeline: 0
IsRtlPipelined: 0
IsInstanceOverlapped: 0
IsDontTouch: 0
HasImplIP: 0
IsGatedGlobalClock: 0


============================================================
+ Verbose Summary: Schedule
============================================================
* Number of FSM states : 1
* Pipeline : 0
* Dataflow Pipeline: 0

* FSM state transitions: 
1 --> 

* FSM state operations: 

State 1 <SV = 0> <Delay = 1.71>
ST_1 : Operation 2 [1/1] (0.00ns)   --->   "call void (...)* @_ssdm_op_SpecBitsMap(i512* %from_app_tdata_V), !map !81"   --->   Operation 2 'specbitsmap' <Predicate = true> <Delay = 0.00>
ST_1 : Operation 3 [1/1] (0.00ns)   --->   "call void (...)* @_ssdm_op_SpecBitsMap(i64* %from_app_tkeep_V), !map !87"   --->   Operation 3 'specbitsmap' <Predicate = true> <Delay = 0.00>
ST_1 : Operation 4 [1/1] (0.00ns)   --->   "call void (...)* @_ssdm_op_SpecBitsMap(i1* %from_app_tlast_V), !map !91"   --->   Operation 4 'specbitsmap' <Predicate = true> <Delay = 0.00>
ST_1 : Operation 5 [1/1] (0.00ns)   --->   "call void (...)* @_ssdm_op_SpecBitsMap(i1* %from_app_tvalid_V), !map !95"   --->   Operation 5 'specbitsmap' <Predicate = true> <Delay = 0.00>
ST_1 : Operation 6 [1/1] (0.00ns)   --->   "call void (...)* @_ssdm_op_SpecBitsMap(i1* %from_app_tready_V), !map !99"   --->   Operation 6 'specbitsmap' <Predicate = true> <Delay = 0.00>
ST_1 : Operation 7 [1/1] (0.00ns)   --->   "call void (...)* @_ssdm_op_SpecBitsMap(i512* %from_cmp_fifo_tdata_V), !map !103"   --->   Operation 7 'specbitsmap' <Predicate = true> <Delay = 0.00>
ST_1 : Operation 8 [1/1] (0.00ns)   --->   "call void (...)* @_ssdm_op_SpecBitsMap(i64* %from_cmp_fifo_tkeep_V), !map !107"   --->   Operation 8 'specbitsmap' <Predicate = true> <Delay = 0.00>
ST_1 : Operation 9 [1/1] (0.00ns)   --->   "call void (...)* @_ssdm_op_SpecBitsMap(i1* %from_cmp_fifo_tlast_V), !map !111"   --->   Operation 9 'specbitsmap' <Predicate = true> <Delay = 0.00>
ST_1 : Operation 10 [1/1] (0.00ns)   --->   "call void (...)* @_ssdm_op_SpecBitsMap(i1* %from_cmp_fifo_tvalid_V), !map !115"   --->   Operation 10 'specbitsmap' <Predicate = true> <Delay = 0.00>
ST_1 : Operation 11 [1/1] (0.00ns)   --->   "call void (...)* @_ssdm_op_SpecBitsMap(i1* %from_cmp_fifo_tready_V), !map !119"   --->   Operation 11 'specbitsmap' <Predicate = true> <Delay = 0.00>
ST_1 : Operation 12 [1/1] (0.00ns)   --->   "call void (...)* @_ssdm_op_SpecBitsMap(i32 %time_cnt_V), !map !123"   --->   Operation 12 'specbitsmap' <Predicate = true> <Delay = 0.00>
ST_1 : Operation 13 [1/1] (0.00ns)   --->   "call void (...)* @_ssdm_op_SpecBitsMap(i1* %mismatch_V), !map !129"   --->   Operation 13 'specbitsmap' <Predicate = true> <Delay = 0.00>
ST_1 : Operation 14 [1/1] (0.00ns)   --->   "call void (...)* @_ssdm_op_SpecBitsMap(i32* %rx_timeElapse_V), !map !133"   --->   Operation 14 'specbitsmap' <Predicate = true> <Delay = 0.00>
ST_1 : Operation 15 [1/1] (0.00ns)   --->   "call void (...)* @_ssdm_op_SpecBitsMap(i64* %rx_timestamp_sum_V), !map !137"   --->   Operation 15 'specbitsmap' <Predicate = true> <Delay = 0.00>
ST_1 : Operation 16 [1/1] (0.00ns)   --->   "call void (...)* @_ssdm_op_SpecBitsMap(i32* %pkt_cnt_rx_V), !map !141"   --->   Operation 16 'specbitsmap' <Predicate = true> <Delay = 0.00>
ST_1 : Operation 17 [1/1] (0.00ns)   --->   "call void (...)* @_ssdm_op_SpecTopModule([15 x i8]* @traffic_gen_rx_str) nounwind"   --->   Operation 17 'spectopmodule' <Predicate = true> <Delay = 0.00>
ST_1 : Operation 18 [1/1] (0.00ns)   --->   "%time_cnt_V_read = call i32 @_ssdm_op_Read.ap_none.i32(i32 %time_cnt_V)" [src/traffic_gen_rx.cpp:3]   --->   Operation 18 'read' 'time_cnt_V_read' <Predicate = true> <Delay = 0.00>
ST_1 : Operation 19 [1/1] (0.00ns)   --->   "call void (...)* @_ssdm_op_SpecInterface(i32 0, [13 x i8]* @p_str, i32 0, i32 0, [1 x i8]* @p_str1, i32 0, i32 0, [1 x i8]* @p_str1, [1 x i8]* @p_str1, [1 x i8]* @p_str1, i32 0, i32 0, i32 0, i32 0, [1 x i8]* @p_str1, [1 x i8]* @p_str1) nounwind" [src/traffic_gen_rx.cpp:11]   --->   Operation 19 'specinterface' <Predicate = true> <Delay = 0.00>
ST_1 : Operation 20 [1/1] (0.00ns)   --->   "call void (...)* @_ssdm_op_SpecInterface(i512* %from_app_tdata_V, i64* %from_app_tkeep_V, i1* %from_app_tlast_V, i1* %from_app_tvalid_V, i1* %from_app_tready_V, [8 x i8]* @p_str2, i32 0, i32 0, [1 x i8]* @p_str1, i32 0, i32 0, [1 x i8]* @p_str1, [1 x i8]* @p_str1, [1 x i8]* @p_str1, i32 0, i32 0, i32 0, i32 0, [1 x i8]* @p_str1, [1 x i8]* @p_str1) nounwind" [src/traffic_gen_rx.cpp:12]   --->   Operation 20 'specinterface' <Predicate = true> <Delay = 0.00>
ST_1 : Operation 21 [1/1] (0.00ns)   --->   "call void (...)* @_ssdm_op_SpecInterface(i512* %from_cmp_fifo_tdata_V, i64* %from_cmp_fifo_tkeep_V, i1* %from_cmp_fifo_tlast_V, i1* %from_cmp_fifo_tvalid_V, i1* %from_cmp_fifo_tready_V, [8 x i8]* @p_str2, i32 0, i32 0, [1 x i8]* @p_str1, i32 0, i32 0, [1 x i8]* @p_str1, [1 x i8]* @p_str1, [1 x i8]* @p_str1, i32 0, i32 0, i32 0, i32 0, [1 x i8]* @p_str1, [1 x i8]* @p_str1) nounwind" [src/traffic_gen_rx.cpp:13]   --->   Operation 21 'specinterface' <Predicate = true> <Delay = 0.00>
ST_1 : Operation 22 [1/1] (0.00ns)   --->   "call void (...)* @_ssdm_op_SpecInterface(i32 %time_cnt_V, [8 x i8]* @p_str2, i32 0, i32 0, [1 x i8]* @p_str1, i32 0, i32 0, [1 x i8]* @p_str1, [1 x i8]* @p_str1, [1 x i8]* @p_str1, i32 0, i32 0, i32 0, i32 0, [1 x i8]* @p_str1, [1 x i8]* @p_str1) nounwind" [src/traffic_gen_rx.cpp:14]   --->   Operation 22 'specinterface' <Predicate = true> <Delay = 0.00>
ST_1 : Operation 23 [1/1] (0.00ns)   --->   "call void (...)* @_ssdm_op_SpecInterface(i1* %mismatch_V, [8 x i8]* @p_str2, i32 0, i32 0, [1 x i8]* @p_str1, i32 0, i32 0, [1 x i8]* @p_str1, [1 x i8]* @p_str1, [1 x i8]* @p_str1, i32 0, i32 0, i32 0, i32 0, [1 x i8]* @p_str1, [1 x i8]* @p_str1) nounwind" [src/traffic_gen_rx.cpp:15]   --->   Operation 23 'specinterface' <Predicate = true> <Delay = 0.00>
ST_1 : Operation 24 [1/1] (0.00ns)   --->   "call void (...)* @_ssdm_op_SpecInterface(i32* %rx_timeElapse_V, [8 x i8]* @p_str2, i32 0, i32 0, [1 x i8]* @p_str1, i32 0, i32 0, [1 x i8]* @p_str1, [1 x i8]* @p_str1, [1 x i8]* @p_str1, i32 0, i32 0, i32 0, i32 0, [1 x i8]* @p_str1, [1 x i8]* @p_str1) nounwind" [src/traffic_gen_rx.cpp:16]   --->   Operation 24 'specinterface' <Predicate = true> <Delay = 0.00>
ST_1 : Operation 25 [1/1] (0.00ns)   --->   "call void (...)* @_ssdm_op_SpecInterface(i64* %rx_timestamp_sum_V, [8 x i8]* @p_str2, i32 0, i32 0, [1 x i8]* @p_str1, i32 0, i32 0, [1 x i8]* @p_str1, [1 x i8]* @p_str1, [1 x i8]* @p_str1, i32 0, i32 0, i32 0, i32 0, [1 x i8]* @p_str1, [1 x i8]* @p_str1) nounwind" [src/traffic_gen_rx.cpp:17]   --->   Operation 25 'specinterface' <Predicate = true> <Delay = 0.00>
ST_1 : Operation 26 [1/1] (0.00ns)   --->   "call void (...)* @_ssdm_op_SpecInterface(i32* %pkt_cnt_rx_V, [8 x i8]* @p_str2, i32 0, i32 0, [1 x i8]* @p_str1, i32 0, i32 0, [1 x i8]* @p_str1, [1 x i8]* @p_str1, [1 x i8]* @p_str1, i32 0, i32 0, i32 0, i32 0, [1 x i8]* @p_str1, [1 x i8]* @p_str1) nounwind" [src/traffic_gen_rx.cpp:18]   --->   Operation 26 'specinterface' <Predicate = true> <Delay = 0.00>
ST_1 : Operation 27 [1/1] (0.00ns)   --->   "%rx_timeElapse_reg_V_s = load i32* @rx_timeElapse_reg_V, align 4" [src/traffic_gen_rx.cpp:25]   --->   Operation 27 'load' 'rx_timeElapse_reg_V_s' <Predicate = true> <Delay = 0.00>
ST_1 : Operation 28 [1/1] (0.00ns)   --->   "call void @_ssdm_op_Write.ap_none.i32P(i32* %rx_timeElapse_V, i32 %rx_timeElapse_reg_V_s)" [src/traffic_gen_rx.cpp:25]   --->   Operation 28 'write' <Predicate = true> <Delay = 0.00>
ST_1 : Operation 29 [1/1] (0.00ns)   --->   "%rx_timestamp_sum_reg_1 = load i64* @rx_timestamp_sum_reg, align 8" [src/traffic_gen_rx.cpp:26]   --->   Operation 29 'load' 'rx_timestamp_sum_reg_1' <Predicate = true> <Delay = 0.00>
ST_1 : Operation 30 [1/1] (0.00ns)   --->   "call void @_ssdm_op_Write.ap_none.i64P(i64* %rx_timestamp_sum_V, i64 %rx_timestamp_sum_reg_1)" [src/traffic_gen_rx.cpp:26]   --->   Operation 30 'write' <Predicate = true> <Delay = 0.00>
ST_1 : Operation 31 [1/1] (0.00ns)   --->   "%t_V = load i32* @pkt_cnt_rx_reg_V, align 4" [src/traffic_gen_rx.cpp:27]   --->   Operation 31 'load' 't_V' <Predicate = true> <Delay = 0.00>
ST_1 : Operation 32 [1/1] (0.00ns)   --->   "call void @_ssdm_op_Write.ap_none.i32P(i32* %pkt_cnt_rx_V, i32 %t_V)" [src/traffic_gen_rx.cpp:27]   --->   Operation 32 'write' <Predicate = true> <Delay = 0.00>
ST_1 : Operation 33 [1/1] (0.00ns)   --->   "%lhs_V = call i1 @_ssdm_op_Read.ap_none.i1P(i1* %from_app_tvalid_V)" [src/traffic_gen_rx.cpp:29]   --->   Operation 33 'read' 'lhs_V' <Predicate = true> <Delay = 0.00>
ST_1 : Operation 34 [1/1] (0.00ns)   --->   "%rhs_V = call i1 @_ssdm_op_Read.ap_none.i1P(i1* %from_app_tlast_V)" [src/traffic_gen_rx.cpp:29]   --->   Operation 34 'read' 'rhs_V' <Predicate = true> <Delay = 0.00>
ST_1 : Operation 35 [1/1] (0.28ns)   --->   "%ret_V = and i1 %lhs_V, %rhs_V" [src/traffic_gen_rx.cpp:29]   --->   Operation 35 'and' 'ret_V' <Predicate = true> <Delay = 0.28> <Core = "LogicGate">   --->   Core 27 'LogicGate' <Latency = 0> <II = 1> <Delay = 0.28> <FuncUnit> <Opcode : 'and' 'or' 'xor'> <InPorts = 2> <OutPorts = 1>
ST_1 : Operation 36 [1/1] (0.00ns)   --->   "br i1 %ret_V, label %0, label %._crit_edge181" [src/traffic_gen_rx.cpp:29]   --->   Operation 36 'br' <Predicate = true> <Delay = 0.00>
ST_1 : Operation 37 [1/1] (0.00ns)   --->   "%rx_start_V_load = load i32* @rx_start_V, align 4" [src/traffic_gen_rx.cpp:30]   --->   Operation 37 'load' 'rx_start_V_load' <Predicate = (ret_V)> <Delay = 0.00>
ST_1 : Operation 38 [1/1] (1.01ns)   --->   "%sub_ln214 = sub i32 %time_cnt_V_read, %rx_start_V_load" [src/traffic_gen_rx.cpp:30]   --->   Operation 38 'sub' 'sub_ln214' <Predicate = (ret_V)> <Delay = 1.01> <Core = "AddSub">   --->   Core 14 'AddSub' <Latency = 0> <II = 1> <Delay = 1.01> <FuncUnit> <Opcode : 'add' 'sub'> <InPorts = 2> <OutPorts = 1>
ST_1 : Operation 39 [1/1] (0.00ns)   --->   "store i32 %sub_ln214, i32* @rx_timeElapse_reg_V, align 4" [src/traffic_gen_rx.cpp:30]   --->   Operation 39 'store' <Predicate = (ret_V)> <Delay = 0.00>
ST_1 : Operation 40 [1/1] (0.00ns)   --->   "%zext_ln700 = zext i32 %time_cnt_V_read to i64" [src/traffic_gen_rx.cpp:31]   --->   Operation 40 'zext' 'zext_ln700' <Predicate = (ret_V)> <Delay = 0.00>
ST_1 : Operation 41 [1/1] (1.08ns)   --->   "%add_ln700 = add i64 %rx_timestamp_sum_reg_1, %zext_ln700" [src/traffic_gen_rx.cpp:31]   --->   Operation 41 'add' 'add_ln700' <Predicate = (ret_V)> <Delay = 1.08> <Core = "AddSub">   --->   Core 14 'AddSub' <Latency = 0> <II = 1> <Delay = 1.01> <FuncUnit> <Opcode : 'add' 'sub'> <InPorts = 2> <OutPorts = 1>
ST_1 : Operation 42 [1/1] (0.00ns)   --->   "store i64 %add_ln700, i64* @rx_timestamp_sum_reg, align 8" [src/traffic_gen_rx.cpp:31]   --->   Operation 42 'store' <Predicate = (ret_V)> <Delay = 0.00>
ST_1 : Operation 43 [1/1] (1.01ns)   --->   "%add_ln700_1 = add i32 %t_V, 1" [src/traffic_gen_rx.cpp:32]   --->   Operation 43 'add' 'add_ln700_1' <Predicate = (ret_V)> <Delay = 1.01> <Core = "AddSub">   --->   Core 14 'AddSub' <Latency = 0> <II = 1> <Delay = 1.01> <FuncUnit> <Opcode : 'add' 'sub'> <InPorts = 2> <OutPorts = 1>
ST_1 : Operation 44 [1/1] (0.00ns)   --->   "store i32 %add_ln700_1, i32* @pkt_cnt_rx_reg_V, align 4" [src/traffic_gen_rx.cpp:32]   --->   Operation 44 'store' <Predicate = (ret_V)> <Delay = 0.00>
ST_1 : Operation 45 [1/1] (0.00ns)   --->   "br label %._crit_edge181" [src/traffic_gen_rx.cpp:33]   --->   Operation 45 'br' <Predicate = (ret_V)> <Delay = 0.00>
ST_1 : Operation 46 [1/1] (0.00ns)   --->   "%start_initialized_V_s = load i1* @start_initialized_V, align 1" [src/traffic_gen_rx.cpp:35]   --->   Operation 46 'load' 'start_initialized_V_s' <Predicate = true> <Delay = 0.00>
ST_1 : Operation 47 [1/1] (0.00ns)   --->   "br i1 %start_initialized_V_s, label %._crit_edge182, label %1" [src/traffic_gen_rx.cpp:35]   --->   Operation 47 'br' <Predicate = true> <Delay = 0.00>
ST_1 : Operation 48 [1/1] (0.00ns)   --->   "store i32 %time_cnt_V_read, i32* @rx_start_V, align 4" [src/traffic_gen_rx.cpp:35]   --->   Operation 48 'store' <Predicate = (!start_initialized_V_s)> <Delay = 0.00>
ST_1 : Operation 49 [1/1] (0.00ns)   --->   "br label %._crit_edge182" [src/traffic_gen_rx.cpp:35]   --->   Operation 49 'br' <Predicate = (!start_initialized_V_s)> <Delay = 0.00>
ST_1 : Operation 50 [1/1] (0.00ns)   --->   "br i1 %lhs_V, label %2, label %._crit_edge183" [src/traffic_gen_rx.cpp:36]   --->   Operation 50 'br' <Predicate = true> <Delay = 0.00>
ST_1 : Operation 51 [1/1] (0.00ns)   --->   "store i1 true, i1* @start_initialized_V, align 1" [src/traffic_gen_rx.cpp:36]   --->   Operation 51 'store' <Predicate = (lhs_V)> <Delay = 0.00>
ST_1 : Operation 52 [1/1] (0.00ns)   --->   "br label %._crit_edge183" [src/traffic_gen_rx.cpp:36]   --->   Operation 52 'br' <Predicate = (lhs_V)> <Delay = 0.00>
ST_1 : Operation 53 [1/1] (0.00ns)   --->   "%mismatch_reg_V_load = load i1* @mismatch_reg_V, align 1" [src/traffic_gen_rx.cpp:39]   --->   Operation 53 'load' 'mismatch_reg_V_load' <Predicate = true> <Delay = 0.00>
ST_1 : Operation 54 [1/1] (0.00ns)   --->   "call void @_ssdm_op_Write.ap_none.i1P(i1* %mismatch_V, i1 %mismatch_reg_V_load)" [src/traffic_gen_rx.cpp:39]   --->   Operation 54 'write' <Predicate = true> <Delay = 0.00>
ST_1 : Operation 55 [1/1] (0.00ns)   --->   "call void @_ssdm_op_Write.ap_none.i1P(i1* %from_app_tready_V, i1 true)" [src/traffic_gen_rx.cpp:40]   --->   Operation 55 'write' <Predicate = true> <Delay = 0.00>
ST_1 : Operation 56 [1/1] (0.00ns)   --->   "call void @_ssdm_op_Write.ap_none.i1P(i1* %from_cmp_fifo_tready_V, i1 %lhs_V)" [src/traffic_gen_rx.cpp:41]   --->   Operation 56 'write' <Predicate = true> <Delay = 0.00>
ST_1 : Operation 57 [1/1] (0.00ns)   --->   "%p_Val2_s = call i64 @_ssdm_op_Read.ap_none.i64P(i64* %from_cmp_fifo_tkeep_V)" [src/traffic_gen_rx.cpp:43]   --->   Operation 57 'read' 'p_Val2_s' <Predicate = true> <Delay = 0.00>
ST_1 : Operation 58 [1/1] (0.00ns)   --->   "%trunc_ln791 = trunc i64 %p_Val2_s to i1" [src/getMask.cpp:4->src/traffic_gen_rx.cpp:43]   --->   Operation 58 'trunc' 'trunc_ln791' <Predicate = true> <Delay = 0.00>
ST_1 : Operation 59 [1/1] (0.00ns)   --->   "%tmp_1 = call i1 @_ssdm_op_BitSelect.i1.i64.i32(i64 %p_Val2_s, i32 63)" [src/getMask.cpp:4->src/traffic_gen_rx.cpp:43]   --->   Operation 59 'bitselect' 'tmp_1' <Predicate = true> <Delay = 0.00>
ST_1 : Operation 60 [1/1] (0.00ns)   --->   "%tmp_2 = call i1 @_ssdm_op_BitSelect.i1.i64.i32(i64 %p_Val2_s, i32 62)" [src/getMask.cpp:5->src/traffic_gen_rx.cpp:43]   --->   Operation 60 'bitselect' 'tmp_2' <Predicate = true> <Delay = 0.00>
ST_1 : Operation 61 [1/1] (0.17ns)   --->   "%select_ln5 = select i1 %tmp_2, i8 -1, i8 0" [src/getMask.cpp:5->src/traffic_gen_rx.cpp:43]   --->   Operation 61 'select' 'select_ln5' <Predicate = true> <Delay = 0.17> <Core = "Sel">   --->   Core 26 'Sel' <Latency = 0> <II = 1> <Delay = 0.17> <FuncUnit> <Opcode : 'select'> <InPorts = 3> <OutPorts = 1>
ST_1 : Operation 62 [1/1] (0.00ns)   --->   "%tmp_3 = call i1 @_ssdm_op_BitSelect.i1.i64.i32(i64 %p_Val2_s, i32 61)" [src/getMask.cpp:6->src/traffic_gen_rx.cpp:43]   --->   Operation 62 'bitselect' 'tmp_3' <Predicate = true> <Delay = 0.00>
ST_1 : Operation 63 [1/1] (0.17ns)   --->   "%select_ln6 = select i1 %tmp_3, i8 -1, i8 0" [src/getMask.cpp:6->src/traffic_gen_rx.cpp:43]   --->   Operation 63 'select' 'select_ln6' <Predicate = true> <Delay = 0.17> <Core = "Sel">   --->   Core 26 'Sel' <Latency = 0> <II = 1> <Delay = 0.17> <FuncUnit> <Opcode : 'select'> <InPorts = 3> <OutPorts = 1>
ST_1 : Operation 64 [1/1] (0.00ns)   --->   "%tmp_4 = call i1 @_ssdm_op_BitSelect.i1.i64.i32(i64 %p_Val2_s, i32 60)" [src/getMask.cpp:7->src/traffic_gen_rx.cpp:43]   --->   Operation 64 'bitselect' 'tmp_4' <Predicate = true> <Delay = 0.00>
ST_1 : Operation 65 [1/1] (0.17ns)   --->   "%select_ln7 = select i1 %tmp_4, i8 -1, i8 0" [src/getMask.cpp:7->src/traffic_gen_rx.cpp:43]   --->   Operation 65 'select' 'select_ln7' <Predicate = true> <Delay = 0.17> <Core = "Sel">   --->   Core 26 'Sel' <Latency = 0> <II = 1> <Delay = 0.17> <FuncUnit> <Opcode : 'select'> <InPorts = 3> <OutPorts = 1>
ST_1 : Operation 66 [1/1] (0.00ns)   --->   "%tmp_5 = call i1 @_ssdm_op_BitSelect.i1.i64.i32(i64 %p_Val2_s, i32 59)" [src/getMask.cpp:8->src/traffic_gen_rx.cpp:43]   --->   Operation 66 'bitselect' 'tmp_5' <Predicate = true> <Delay = 0.00>
ST_1 : Operation 67 [1/1] (0.17ns)   --->   "%select_ln8 = select i1 %tmp_5, i8 -1, i8 0" [src/getMask.cpp:8->src/traffic_gen_rx.cpp:43]   --->   Operation 67 'select' 'select_ln8' <Predicate = true> <Delay = 0.17> <Core = "Sel">   --->   Core 26 'Sel' <Latency = 0> <II = 1> <Delay = 0.17> <FuncUnit> <Opcode : 'select'> <InPorts = 3> <OutPorts = 1>
ST_1 : Operation 68 [1/1] (0.00ns)   --->   "%tmp_6 = call i1 @_ssdm_op_BitSelect.i1.i64.i32(i64 %p_Val2_s, i32 58)" [src/getMask.cpp:9->src/traffic_gen_rx.cpp:43]   --->   Operation 68 'bitselect' 'tmp_6' <Predicate = true> <Delay = 0.00>
ST_1 : Operation 69 [1/1] (0.17ns)   --->   "%select_ln9 = select i1 %tmp_6, i8 -1, i8 0" [src/getMask.cpp:9->src/traffic_gen_rx.cpp:43]   --->   Operation 69 'select' 'select_ln9' <Predicate = true> <Delay = 0.17> <Core = "Sel">   --->   Core 26 'Sel' <Latency = 0> <II = 1> <Delay = 0.17> <FuncUnit> <Opcode : 'select'> <InPorts = 3> <OutPorts = 1>
ST_1 : Operation 70 [1/1] (0.00ns)   --->   "%tmp_7 = call i1 @_ssdm_op_BitSelect.i1.i64.i32(i64 %p_Val2_s, i32 57)" [src/getMask.cpp:10->src/traffic_gen_rx.cpp:43]   --->   Operation 70 'bitselect' 'tmp_7' <Predicate = true> <Delay = 0.00>
ST_1 : Operation 71 [1/1] (0.17ns)   --->   "%select_ln10 = select i1 %tmp_7, i8 -1, i8 0" [src/getMask.cpp:10->src/traffic_gen_rx.cpp:43]   --->   Operation 71 'select' 'select_ln10' <Predicate = true> <Delay = 0.17> <Core = "Sel">   --->   Core 26 'Sel' <Latency = 0> <II = 1> <Delay = 0.17> <FuncUnit> <Opcode : 'select'> <InPorts = 3> <OutPorts = 1>
ST_1 : Operation 72 [1/1] (0.00ns)   --->   "%tmp_8 = call i1 @_ssdm_op_BitSelect.i1.i64.i32(i64 %p_Val2_s, i32 56)" [src/getMask.cpp:11->src/traffic_gen_rx.cpp:43]   --->   Operation 72 'bitselect' 'tmp_8' <Predicate = true> <Delay = 0.00>
ST_1 : Operation 73 [1/1] (0.17ns)   --->   "%select_ln11 = select i1 %tmp_8, i8 -1, i8 0" [src/getMask.cpp:11->src/traffic_gen_rx.cpp:43]   --->   Operation 73 'select' 'select_ln11' <Predicate = true> <Delay = 0.17> <Core = "Sel">   --->   Core 26 'Sel' <Latency = 0> <II = 1> <Delay = 0.17> <FuncUnit> <Opcode : 'select'> <InPorts = 3> <OutPorts = 1>
ST_1 : Operation 74 [1/1] (0.00ns)   --->   "%tmp_9 = call i1 @_ssdm_op_BitSelect.i1.i64.i32(i64 %p_Val2_s, i32 55)" [src/getMask.cpp:12->src/traffic_gen_rx.cpp:43]   --->   Operation 74 'bitselect' 'tmp_9' <Predicate = true> <Delay = 0.00>
ST_1 : Operation 75 [1/1] (0.17ns)   --->   "%select_ln12 = select i1 %tmp_9, i8 -1, i8 0" [src/getMask.cpp:12->src/traffic_gen_rx.cpp:43]   --->   Operation 75 'select' 'select_ln12' <Predicate = true> <Delay = 0.17> <Core = "Sel">   --->   Core 26 'Sel' <Latency = 0> <II = 1> <Delay = 0.17> <FuncUnit> <Opcode : 'select'> <InPorts = 3> <OutPorts = 1>
ST_1 : Operation 76 [1/1] (0.00ns)   --->   "%tmp_10 = call i1 @_ssdm_op_BitSelect.i1.i64.i32(i64 %p_Val2_s, i32 54)" [src/getMask.cpp:13->src/traffic_gen_rx.cpp:43]   --->   Operation 76 'bitselect' 'tmp_10' <Predicate = true> <Delay = 0.00>
ST_1 : Operation 77 [1/1] (0.17ns)   --->   "%select_ln13 = select i1 %tmp_10, i8 -1, i8 0" [src/getMask.cpp:13->src/traffic_gen_rx.cpp:43]   --->   Operation 77 'select' 'select_ln13' <Predicate = true> <Delay = 0.17> <Core = "Sel">   --->   Core 26 'Sel' <Latency = 0> <II = 1> <Delay = 0.17> <FuncUnit> <Opcode : 'select'> <InPorts = 3> <OutPorts = 1>
ST_1 : Operation 78 [1/1] (0.00ns)   --->   "%tmp_11 = call i1 @_ssdm_op_BitSelect.i1.i64.i32(i64 %p_Val2_s, i32 53)" [src/getMask.cpp:14->src/traffic_gen_rx.cpp:43]   --->   Operation 78 'bitselect' 'tmp_11' <Predicate = true> <Delay = 0.00>
ST_1 : Operation 79 [1/1] (0.17ns)   --->   "%select_ln14 = select i1 %tmp_11, i8 -1, i8 0" [src/getMask.cpp:14->src/traffic_gen_rx.cpp:43]   --->   Operation 79 'select' 'select_ln14' <Predicate = true> <Delay = 0.17> <Core = "Sel">   --->   Core 26 'Sel' <Latency = 0> <II = 1> <Delay = 0.17> <FuncUnit> <Opcode : 'select'> <InPorts = 3> <OutPorts = 1>
ST_1 : Operation 80 [1/1] (0.00ns)   --->   "%tmp_12 = call i1 @_ssdm_op_BitSelect.i1.i64.i32(i64 %p_Val2_s, i32 52)" [src/getMask.cpp:15->src/traffic_gen_rx.cpp:43]   --->   Operation 80 'bitselect' 'tmp_12' <Predicate = true> <Delay = 0.00>
ST_1 : Operation 81 [1/1] (0.17ns)   --->   "%select_ln15 = select i1 %tmp_12, i8 -1, i8 0" [src/getMask.cpp:15->src/traffic_gen_rx.cpp:43]   --->   Operation 81 'select' 'select_ln15' <Predicate = true> <Delay = 0.17> <Core = "Sel">   --->   Core 26 'Sel' <Latency = 0> <II = 1> <Delay = 0.17> <FuncUnit> <Opcode : 'select'> <InPorts = 3> <OutPorts = 1>
ST_1 : Operation 82 [1/1] (0.00ns)   --->   "%tmp_13 = call i1 @_ssdm_op_BitSelect.i1.i64.i32(i64 %p_Val2_s, i32 51)" [src/getMask.cpp:16->src/traffic_gen_rx.cpp:43]   --->   Operation 82 'bitselect' 'tmp_13' <Predicate = true> <Delay = 0.00>
ST_1 : Operation 83 [1/1] (0.17ns)   --->   "%select_ln16 = select i1 %tmp_13, i8 -1, i8 0" [src/getMask.cpp:16->src/traffic_gen_rx.cpp:43]   --->   Operation 83 'select' 'select_ln16' <Predicate = true> <Delay = 0.17> <Core = "Sel">   --->   Core 26 'Sel' <Latency = 0> <II = 1> <Delay = 0.17> <FuncUnit> <Opcode : 'select'> <InPorts = 3> <OutPorts = 1>
ST_1 : Operation 84 [1/1] (0.00ns)   --->   "%tmp_14 = call i1 @_ssdm_op_BitSelect.i1.i64.i32(i64 %p_Val2_s, i32 50)" [src/getMask.cpp:17->src/traffic_gen_rx.cpp:43]   --->   Operation 84 'bitselect' 'tmp_14' <Predicate = true> <Delay = 0.00>
ST_1 : Operation 85 [1/1] (0.17ns)   --->   "%select_ln17 = select i1 %tmp_14, i8 -1, i8 0" [src/getMask.cpp:17->src/traffic_gen_rx.cpp:43]   --->   Operation 85 'select' 'select_ln17' <Predicate = true> <Delay = 0.17> <Core = "Sel">   --->   Core 26 'Sel' <Latency = 0> <II = 1> <Delay = 0.17> <FuncUnit> <Opcode : 'select'> <InPorts = 3> <OutPorts = 1>
ST_1 : Operation 86 [1/1] (0.00ns)   --->   "%tmp_15 = call i1 @_ssdm_op_BitSelect.i1.i64.i32(i64 %p_Val2_s, i32 49)" [src/getMask.cpp:18->src/traffic_gen_rx.cpp:43]   --->   Operation 86 'bitselect' 'tmp_15' <Predicate = true> <Delay = 0.00>
ST_1 : Operation 87 [1/1] (0.17ns)   --->   "%select_ln18 = select i1 %tmp_15, i8 -1, i8 0" [src/getMask.cpp:18->src/traffic_gen_rx.cpp:43]   --->   Operation 87 'select' 'select_ln18' <Predicate = true> <Delay = 0.17> <Core = "Sel">   --->   Core 26 'Sel' <Latency = 0> <II = 1> <Delay = 0.17> <FuncUnit> <Opcode : 'select'> <InPorts = 3> <OutPorts = 1>
ST_1 : Operation 88 [1/1] (0.00ns)   --->   "%tmp_16 = call i1 @_ssdm_op_BitSelect.i1.i64.i32(i64 %p_Val2_s, i32 48)" [src/getMask.cpp:19->src/traffic_gen_rx.cpp:43]   --->   Operation 88 'bitselect' 'tmp_16' <Predicate = true> <Delay = 0.00>
ST_1 : Operation 89 [1/1] (0.17ns)   --->   "%select_ln19 = select i1 %tmp_16, i8 -1, i8 0" [src/getMask.cpp:19->src/traffic_gen_rx.cpp:43]   --->   Operation 89 'select' 'select_ln19' <Predicate = true> <Delay = 0.17> <Core = "Sel">   --->   Core 26 'Sel' <Latency = 0> <II = 1> <Delay = 0.17> <FuncUnit> <Opcode : 'select'> <InPorts = 3> <OutPorts = 1>
ST_1 : Operation 90 [1/1] (0.00ns)   --->   "%tmp_17 = call i1 @_ssdm_op_BitSelect.i1.i64.i32(i64 %p_Val2_s, i32 47)" [src/getMask.cpp:20->src/traffic_gen_rx.cpp:43]   --->   Operation 90 'bitselect' 'tmp_17' <Predicate = true> <Delay = 0.00>
ST_1 : Operation 91 [1/1] (0.17ns)   --->   "%select_ln20 = select i1 %tmp_17, i8 -1, i8 0" [src/getMask.cpp:20->src/traffic_gen_rx.cpp:43]   --->   Operation 91 'select' 'select_ln20' <Predicate = true> <Delay = 0.17> <Core = "Sel">   --->   Core 26 'Sel' <Latency = 0> <II = 1> <Delay = 0.17> <FuncUnit> <Opcode : 'select'> <InPorts = 3> <OutPorts = 1>
ST_1 : Operation 92 [1/1] (0.00ns)   --->   "%tmp_18 = call i1 @_ssdm_op_BitSelect.i1.i64.i32(i64 %p_Val2_s, i32 46)" [src/getMask.cpp:21->src/traffic_gen_rx.cpp:43]   --->   Operation 92 'bitselect' 'tmp_18' <Predicate = true> <Delay = 0.00>
ST_1 : Operation 93 [1/1] (0.17ns)   --->   "%select_ln21 = select i1 %tmp_18, i8 -1, i8 0" [src/getMask.cpp:21->src/traffic_gen_rx.cpp:43]   --->   Operation 93 'select' 'select_ln21' <Predicate = true> <Delay = 0.17> <Core = "Sel">   --->   Core 26 'Sel' <Latency = 0> <II = 1> <Delay = 0.17> <FuncUnit> <Opcode : 'select'> <InPorts = 3> <OutPorts = 1>
ST_1 : Operation 94 [1/1] (0.00ns)   --->   "%tmp_19 = call i1 @_ssdm_op_BitSelect.i1.i64.i32(i64 %p_Val2_s, i32 45)" [src/getMask.cpp:22->src/traffic_gen_rx.cpp:43]   --->   Operation 94 'bitselect' 'tmp_19' <Predicate = true> <Delay = 0.00>
ST_1 : Operation 95 [1/1] (0.17ns)   --->   "%select_ln22 = select i1 %tmp_19, i8 -1, i8 0" [src/getMask.cpp:22->src/traffic_gen_rx.cpp:43]   --->   Operation 95 'select' 'select_ln22' <Predicate = true> <Delay = 0.17> <Core = "Sel">   --->   Core 26 'Sel' <Latency = 0> <II = 1> <Delay = 0.17> <FuncUnit> <Opcode : 'select'> <InPorts = 3> <OutPorts = 1>
ST_1 : Operation 96 [1/1] (0.00ns)   --->   "%tmp_20 = call i1 @_ssdm_op_BitSelect.i1.i64.i32(i64 %p_Val2_s, i32 44)" [src/getMask.cpp:23->src/traffic_gen_rx.cpp:43]   --->   Operation 96 'bitselect' 'tmp_20' <Predicate = true> <Delay = 0.00>
ST_1 : Operation 97 [1/1] (0.17ns)   --->   "%select_ln23 = select i1 %tmp_20, i8 -1, i8 0" [src/getMask.cpp:23->src/traffic_gen_rx.cpp:43]   --->   Operation 97 'select' 'select_ln23' <Predicate = true> <Delay = 0.17> <Core = "Sel">   --->   Core 26 'Sel' <Latency = 0> <II = 1> <Delay = 0.17> <FuncUnit> <Opcode : 'select'> <InPorts = 3> <OutPorts = 1>
ST_1 : Operation 98 [1/1] (0.00ns)   --->   "%tmp_21 = call i1 @_ssdm_op_BitSelect.i1.i64.i32(i64 %p_Val2_s, i32 43)" [src/getMask.cpp:24->src/traffic_gen_rx.cpp:43]   --->   Operation 98 'bitselect' 'tmp_21' <Predicate = true> <Delay = 0.00>
ST_1 : Operation 99 [1/1] (0.17ns)   --->   "%select_ln24 = select i1 %tmp_21, i8 -1, i8 0" [src/getMask.cpp:24->src/traffic_gen_rx.cpp:43]   --->   Operation 99 'select' 'select_ln24' <Predicate = true> <Delay = 0.17> <Core = "Sel">   --->   Core 26 'Sel' <Latency = 0> <II = 1> <Delay = 0.17> <FuncUnit> <Opcode : 'select'> <InPorts = 3> <OutPorts = 1>
ST_1 : Operation 100 [1/1] (0.00ns)   --->   "%tmp_22 = call i1 @_ssdm_op_BitSelect.i1.i64.i32(i64 %p_Val2_s, i32 42)" [src/getMask.cpp:25->src/traffic_gen_rx.cpp:43]   --->   Operation 100 'bitselect' 'tmp_22' <Predicate = true> <Delay = 0.00>
ST_1 : Operation 101 [1/1] (0.17ns)   --->   "%select_ln25 = select i1 %tmp_22, i8 -1, i8 0" [src/getMask.cpp:25->src/traffic_gen_rx.cpp:43]   --->   Operation 101 'select' 'select_ln25' <Predicate = true> <Delay = 0.17> <Core = "Sel">   --->   Core 26 'Sel' <Latency = 0> <II = 1> <Delay = 0.17> <FuncUnit> <Opcode : 'select'> <InPorts = 3> <OutPorts = 1>
ST_1 : Operation 102 [1/1] (0.00ns)   --->   "%tmp_23 = call i1 @_ssdm_op_BitSelect.i1.i64.i32(i64 %p_Val2_s, i32 41)" [src/getMask.cpp:26->src/traffic_gen_rx.cpp:43]   --->   Operation 102 'bitselect' 'tmp_23' <Predicate = true> <Delay = 0.00>
ST_1 : Operation 103 [1/1] (0.17ns)   --->   "%select_ln26 = select i1 %tmp_23, i8 -1, i8 0" [src/getMask.cpp:26->src/traffic_gen_rx.cpp:43]   --->   Operation 103 'select' 'select_ln26' <Predicate = true> <Delay = 0.17> <Core = "Sel">   --->   Core 26 'Sel' <Latency = 0> <II = 1> <Delay = 0.17> <FuncUnit> <Opcode : 'select'> <InPorts = 3> <OutPorts = 1>
ST_1 : Operation 104 [1/1] (0.00ns)   --->   "%tmp_24 = call i1 @_ssdm_op_BitSelect.i1.i64.i32(i64 %p_Val2_s, i32 40)" [src/getMask.cpp:27->src/traffic_gen_rx.cpp:43]   --->   Operation 104 'bitselect' 'tmp_24' <Predicate = true> <Delay = 0.00>
ST_1 : Operation 105 [1/1] (0.17ns)   --->   "%select_ln27 = select i1 %tmp_24, i8 -1, i8 0" [src/getMask.cpp:27->src/traffic_gen_rx.cpp:43]   --->   Operation 105 'select' 'select_ln27' <Predicate = true> <Delay = 0.17> <Core = "Sel">   --->   Core 26 'Sel' <Latency = 0> <II = 1> <Delay = 0.17> <FuncUnit> <Opcode : 'select'> <InPorts = 3> <OutPorts = 1>
ST_1 : Operation 106 [1/1] (0.00ns)   --->   "%tmp_25 = call i1 @_ssdm_op_BitSelect.i1.i64.i32(i64 %p_Val2_s, i32 39)" [src/getMask.cpp:28->src/traffic_gen_rx.cpp:43]   --->   Operation 106 'bitselect' 'tmp_25' <Predicate = true> <Delay = 0.00>
ST_1 : Operation 107 [1/1] (0.17ns)   --->   "%select_ln28 = select i1 %tmp_25, i8 -1, i8 0" [src/getMask.cpp:28->src/traffic_gen_rx.cpp:43]   --->   Operation 107 'select' 'select_ln28' <Predicate = true> <Delay = 0.17> <Core = "Sel">   --->   Core 26 'Sel' <Latency = 0> <II = 1> <Delay = 0.17> <FuncUnit> <Opcode : 'select'> <InPorts = 3> <OutPorts = 1>
ST_1 : Operation 108 [1/1] (0.00ns)   --->   "%tmp_26 = call i1 @_ssdm_op_BitSelect.i1.i64.i32(i64 %p_Val2_s, i32 38)" [src/getMask.cpp:29->src/traffic_gen_rx.cpp:43]   --->   Operation 108 'bitselect' 'tmp_26' <Predicate = true> <Delay = 0.00>
ST_1 : Operation 109 [1/1] (0.17ns)   --->   "%select_ln29 = select i1 %tmp_26, i8 -1, i8 0" [src/getMask.cpp:29->src/traffic_gen_rx.cpp:43]   --->   Operation 109 'select' 'select_ln29' <Predicate = true> <Delay = 0.17> <Core = "Sel">   --->   Core 26 'Sel' <Latency = 0> <II = 1> <Delay = 0.17> <FuncUnit> <Opcode : 'select'> <InPorts = 3> <OutPorts = 1>
ST_1 : Operation 110 [1/1] (0.00ns)   --->   "%tmp_27 = call i1 @_ssdm_op_BitSelect.i1.i64.i32(i64 %p_Val2_s, i32 37)" [src/getMask.cpp:30->src/traffic_gen_rx.cpp:43]   --->   Operation 110 'bitselect' 'tmp_27' <Predicate = true> <Delay = 0.00>
ST_1 : Operation 111 [1/1] (0.17ns)   --->   "%select_ln30 = select i1 %tmp_27, i8 -1, i8 0" [src/getMask.cpp:30->src/traffic_gen_rx.cpp:43]   --->   Operation 111 'select' 'select_ln30' <Predicate = true> <Delay = 0.17> <Core = "Sel">   --->   Core 26 'Sel' <Latency = 0> <II = 1> <Delay = 0.17> <FuncUnit> <Opcode : 'select'> <InPorts = 3> <OutPorts = 1>
ST_1 : Operation 112 [1/1] (0.00ns)   --->   "%tmp_28 = call i1 @_ssdm_op_BitSelect.i1.i64.i32(i64 %p_Val2_s, i32 36)" [src/getMask.cpp:31->src/traffic_gen_rx.cpp:43]   --->   Operation 112 'bitselect' 'tmp_28' <Predicate = true> <Delay = 0.00>
ST_1 : Operation 113 [1/1] (0.17ns)   --->   "%select_ln31 = select i1 %tmp_28, i8 -1, i8 0" [src/getMask.cpp:31->src/traffic_gen_rx.cpp:43]   --->   Operation 113 'select' 'select_ln31' <Predicate = true> <Delay = 0.17> <Core = "Sel">   --->   Core 26 'Sel' <Latency = 0> <II = 1> <Delay = 0.17> <FuncUnit> <Opcode : 'select'> <InPorts = 3> <OutPorts = 1>
ST_1 : Operation 114 [1/1] (0.00ns)   --->   "%tmp_29 = call i1 @_ssdm_op_BitSelect.i1.i64.i32(i64 %p_Val2_s, i32 35)" [src/getMask.cpp:32->src/traffic_gen_rx.cpp:43]   --->   Operation 114 'bitselect' 'tmp_29' <Predicate = true> <Delay = 0.00>
ST_1 : Operation 115 [1/1] (0.17ns)   --->   "%select_ln32 = select i1 %tmp_29, i8 -1, i8 0" [src/getMask.cpp:32->src/traffic_gen_rx.cpp:43]   --->   Operation 115 'select' 'select_ln32' <Predicate = true> <Delay = 0.17> <Core = "Sel">   --->   Core 26 'Sel' <Latency = 0> <II = 1> <Delay = 0.17> <FuncUnit> <Opcode : 'select'> <InPorts = 3> <OutPorts = 1>
ST_1 : Operation 116 [1/1] (0.00ns)   --->   "%tmp_30 = call i1 @_ssdm_op_BitSelect.i1.i64.i32(i64 %p_Val2_s, i32 34)" [src/getMask.cpp:33->src/traffic_gen_rx.cpp:43]   --->   Operation 116 'bitselect' 'tmp_30' <Predicate = true> <Delay = 0.00>
ST_1 : Operation 117 [1/1] (0.17ns)   --->   "%select_ln33 = select i1 %tmp_30, i8 -1, i8 0" [src/getMask.cpp:33->src/traffic_gen_rx.cpp:43]   --->   Operation 117 'select' 'select_ln33' <Predicate = true> <Delay = 0.17> <Core = "Sel">   --->   Core 26 'Sel' <Latency = 0> <II = 1> <Delay = 0.17> <FuncUnit> <Opcode : 'select'> <InPorts = 3> <OutPorts = 1>
ST_1 : Operation 118 [1/1] (0.00ns)   --->   "%tmp_31 = call i1 @_ssdm_op_BitSelect.i1.i64.i32(i64 %p_Val2_s, i32 33)" [src/getMask.cpp:34->src/traffic_gen_rx.cpp:43]   --->   Operation 118 'bitselect' 'tmp_31' <Predicate = true> <Delay = 0.00>
ST_1 : Operation 119 [1/1] (0.17ns)   --->   "%select_ln34 = select i1 %tmp_31, i8 -1, i8 0" [src/getMask.cpp:34->src/traffic_gen_rx.cpp:43]   --->   Operation 119 'select' 'select_ln34' <Predicate = true> <Delay = 0.17> <Core = "Sel">   --->   Core 26 'Sel' <Latency = 0> <II = 1> <Delay = 0.17> <FuncUnit> <Opcode : 'select'> <InPorts = 3> <OutPorts = 1>
ST_1 : Operation 120 [1/1] (0.00ns)   --->   "%tmp_32 = call i1 @_ssdm_op_BitSelect.i1.i64.i32(i64 %p_Val2_s, i32 32)" [src/getMask.cpp:35->src/traffic_gen_rx.cpp:43]   --->   Operation 120 'bitselect' 'tmp_32' <Predicate = true> <Delay = 0.00>
ST_1 : Operation 121 [1/1] (0.17ns)   --->   "%select_ln35 = select i1 %tmp_32, i8 -1, i8 0" [src/getMask.cpp:35->src/traffic_gen_rx.cpp:43]   --->   Operation 121 'select' 'select_ln35' <Predicate = true> <Delay = 0.17> <Core = "Sel">   --->   Core 26 'Sel' <Latency = 0> <II = 1> <Delay = 0.17> <FuncUnit> <Opcode : 'select'> <InPorts = 3> <OutPorts = 1>
ST_1 : Operation 122 [1/1] (0.00ns)   --->   "%tmp_33 = call i1 @_ssdm_op_BitSelect.i1.i64.i32(i64 %p_Val2_s, i32 31)" [src/getMask.cpp:36->src/traffic_gen_rx.cpp:43]   --->   Operation 122 'bitselect' 'tmp_33' <Predicate = true> <Delay = 0.00>
ST_1 : Operation 123 [1/1] (0.17ns)   --->   "%select_ln36 = select i1 %tmp_33, i8 -1, i8 0" [src/getMask.cpp:36->src/traffic_gen_rx.cpp:43]   --->   Operation 123 'select' 'select_ln36' <Predicate = true> <Delay = 0.17> <Core = "Sel">   --->   Core 26 'Sel' <Latency = 0> <II = 1> <Delay = 0.17> <FuncUnit> <Opcode : 'select'> <InPorts = 3> <OutPorts = 1>
ST_1 : Operation 124 [1/1] (0.00ns)   --->   "%tmp_34 = call i1 @_ssdm_op_BitSelect.i1.i64.i32(i64 %p_Val2_s, i32 30)" [src/getMask.cpp:37->src/traffic_gen_rx.cpp:43]   --->   Operation 124 'bitselect' 'tmp_34' <Predicate = true> <Delay = 0.00>
ST_1 : Operation 125 [1/1] (0.17ns)   --->   "%select_ln37 = select i1 %tmp_34, i8 -1, i8 0" [src/getMask.cpp:37->src/traffic_gen_rx.cpp:43]   --->   Operation 125 'select' 'select_ln37' <Predicate = true> <Delay = 0.17> <Core = "Sel">   --->   Core 26 'Sel' <Latency = 0> <II = 1> <Delay = 0.17> <FuncUnit> <Opcode : 'select'> <InPorts = 3> <OutPorts = 1>
ST_1 : Operation 126 [1/1] (0.00ns)   --->   "%tmp_35 = call i1 @_ssdm_op_BitSelect.i1.i64.i32(i64 %p_Val2_s, i32 29)" [src/getMask.cpp:38->src/traffic_gen_rx.cpp:43]   --->   Operation 126 'bitselect' 'tmp_35' <Predicate = true> <Delay = 0.00>
ST_1 : Operation 127 [1/1] (0.17ns)   --->   "%select_ln38 = select i1 %tmp_35, i8 -1, i8 0" [src/getMask.cpp:38->src/traffic_gen_rx.cpp:43]   --->   Operation 127 'select' 'select_ln38' <Predicate = true> <Delay = 0.17> <Core = "Sel">   --->   Core 26 'Sel' <Latency = 0> <II = 1> <Delay = 0.17> <FuncUnit> <Opcode : 'select'> <InPorts = 3> <OutPorts = 1>
ST_1 : Operation 128 [1/1] (0.00ns)   --->   "%tmp_36 = call i1 @_ssdm_op_BitSelect.i1.i64.i32(i64 %p_Val2_s, i32 28)" [src/getMask.cpp:39->src/traffic_gen_rx.cpp:43]   --->   Operation 128 'bitselect' 'tmp_36' <Predicate = true> <Delay = 0.00>
ST_1 : Operation 129 [1/1] (0.17ns)   --->   "%select_ln39 = select i1 %tmp_36, i8 -1, i8 0" [src/getMask.cpp:39->src/traffic_gen_rx.cpp:43]   --->   Operation 129 'select' 'select_ln39' <Predicate = true> <Delay = 0.17> <Core = "Sel">   --->   Core 26 'Sel' <Latency = 0> <II = 1> <Delay = 0.17> <FuncUnit> <Opcode : 'select'> <InPorts = 3> <OutPorts = 1>
ST_1 : Operation 130 [1/1] (0.00ns)   --->   "%tmp_37 = call i1 @_ssdm_op_BitSelect.i1.i64.i32(i64 %p_Val2_s, i32 27)" [src/getMask.cpp:40->src/traffic_gen_rx.cpp:43]   --->   Operation 130 'bitselect' 'tmp_37' <Predicate = true> <Delay = 0.00>
ST_1 : Operation 131 [1/1] (0.17ns)   --->   "%select_ln40 = select i1 %tmp_37, i8 -1, i8 0" [src/getMask.cpp:40->src/traffic_gen_rx.cpp:43]   --->   Operation 131 'select' 'select_ln40' <Predicate = true> <Delay = 0.17> <Core = "Sel">   --->   Core 26 'Sel' <Latency = 0> <II = 1> <Delay = 0.17> <FuncUnit> <Opcode : 'select'> <InPorts = 3> <OutPorts = 1>
ST_1 : Operation 132 [1/1] (0.00ns)   --->   "%tmp_38 = call i1 @_ssdm_op_BitSelect.i1.i64.i32(i64 %p_Val2_s, i32 26)" [src/getMask.cpp:41->src/traffic_gen_rx.cpp:43]   --->   Operation 132 'bitselect' 'tmp_38' <Predicate = true> <Delay = 0.00>
ST_1 : Operation 133 [1/1] (0.17ns)   --->   "%select_ln41 = select i1 %tmp_38, i8 -1, i8 0" [src/getMask.cpp:41->src/traffic_gen_rx.cpp:43]   --->   Operation 133 'select' 'select_ln41' <Predicate = true> <Delay = 0.17> <Core = "Sel">   --->   Core 26 'Sel' <Latency = 0> <II = 1> <Delay = 0.17> <FuncUnit> <Opcode : 'select'> <InPorts = 3> <OutPorts = 1>
ST_1 : Operation 134 [1/1] (0.00ns)   --->   "%tmp_39 = call i1 @_ssdm_op_BitSelect.i1.i64.i32(i64 %p_Val2_s, i32 25)" [src/getMask.cpp:42->src/traffic_gen_rx.cpp:43]   --->   Operation 134 'bitselect' 'tmp_39' <Predicate = true> <Delay = 0.00>
ST_1 : Operation 135 [1/1] (0.17ns)   --->   "%select_ln42 = select i1 %tmp_39, i8 -1, i8 0" [src/getMask.cpp:42->src/traffic_gen_rx.cpp:43]   --->   Operation 135 'select' 'select_ln42' <Predicate = true> <Delay = 0.17> <Core = "Sel">   --->   Core 26 'Sel' <Latency = 0> <II = 1> <Delay = 0.17> <FuncUnit> <Opcode : 'select'> <InPorts = 3> <OutPorts = 1>
ST_1 : Operation 136 [1/1] (0.00ns)   --->   "%tmp_40 = call i1 @_ssdm_op_BitSelect.i1.i64.i32(i64 %p_Val2_s, i32 24)" [src/getMask.cpp:43->src/traffic_gen_rx.cpp:43]   --->   Operation 136 'bitselect' 'tmp_40' <Predicate = true> <Delay = 0.00>
ST_1 : Operation 137 [1/1] (0.17ns)   --->   "%select_ln43 = select i1 %tmp_40, i8 -1, i8 0" [src/getMask.cpp:43->src/traffic_gen_rx.cpp:43]   --->   Operation 137 'select' 'select_ln43' <Predicate = true> <Delay = 0.17> <Core = "Sel">   --->   Core 26 'Sel' <Latency = 0> <II = 1> <Delay = 0.17> <FuncUnit> <Opcode : 'select'> <InPorts = 3> <OutPorts = 1>
ST_1 : Operation 138 [1/1] (0.00ns)   --->   "%tmp_41 = call i1 @_ssdm_op_BitSelect.i1.i64.i32(i64 %p_Val2_s, i32 23)" [src/getMask.cpp:44->src/traffic_gen_rx.cpp:43]   --->   Operation 138 'bitselect' 'tmp_41' <Predicate = true> <Delay = 0.00>
ST_1 : Operation 139 [1/1] (0.17ns)   --->   "%select_ln44 = select i1 %tmp_41, i8 -1, i8 0" [src/getMask.cpp:44->src/traffic_gen_rx.cpp:43]   --->   Operation 139 'select' 'select_ln44' <Predicate = true> <Delay = 0.17> <Core = "Sel">   --->   Core 26 'Sel' <Latency = 0> <II = 1> <Delay = 0.17> <FuncUnit> <Opcode : 'select'> <InPorts = 3> <OutPorts = 1>
ST_1 : Operation 140 [1/1] (0.00ns)   --->   "%tmp_42 = call i1 @_ssdm_op_BitSelect.i1.i64.i32(i64 %p_Val2_s, i32 22)" [src/getMask.cpp:45->src/traffic_gen_rx.cpp:43]   --->   Operation 140 'bitselect' 'tmp_42' <Predicate = true> <Delay = 0.00>
ST_1 : Operation 141 [1/1] (0.17ns)   --->   "%select_ln45 = select i1 %tmp_42, i8 -1, i8 0" [src/getMask.cpp:45->src/traffic_gen_rx.cpp:43]   --->   Operation 141 'select' 'select_ln45' <Predicate = true> <Delay = 0.17> <Core = "Sel">   --->   Core 26 'Sel' <Latency = 0> <II = 1> <Delay = 0.17> <FuncUnit> <Opcode : 'select'> <InPorts = 3> <OutPorts = 1>
ST_1 : Operation 142 [1/1] (0.00ns)   --->   "%tmp_43 = call i1 @_ssdm_op_BitSelect.i1.i64.i32(i64 %p_Val2_s, i32 21)" [src/getMask.cpp:46->src/traffic_gen_rx.cpp:43]   --->   Operation 142 'bitselect' 'tmp_43' <Predicate = true> <Delay = 0.00>
ST_1 : Operation 143 [1/1] (0.17ns)   --->   "%select_ln46 = select i1 %tmp_43, i8 -1, i8 0" [src/getMask.cpp:46->src/traffic_gen_rx.cpp:43]   --->   Operation 143 'select' 'select_ln46' <Predicate = true> <Delay = 0.17> <Core = "Sel">   --->   Core 26 'Sel' <Latency = 0> <II = 1> <Delay = 0.17> <FuncUnit> <Opcode : 'select'> <InPorts = 3> <OutPorts = 1>
ST_1 : Operation 144 [1/1] (0.00ns)   --->   "%tmp_44 = call i1 @_ssdm_op_BitSelect.i1.i64.i32(i64 %p_Val2_s, i32 20)" [src/getMask.cpp:47->src/traffic_gen_rx.cpp:43]   --->   Operation 144 'bitselect' 'tmp_44' <Predicate = true> <Delay = 0.00>
ST_1 : Operation 145 [1/1] (0.17ns)   --->   "%select_ln47 = select i1 %tmp_44, i8 -1, i8 0" [src/getMask.cpp:47->src/traffic_gen_rx.cpp:43]   --->   Operation 145 'select' 'select_ln47' <Predicate = true> <Delay = 0.17> <Core = "Sel">   --->   Core 26 'Sel' <Latency = 0> <II = 1> <Delay = 0.17> <FuncUnit> <Opcode : 'select'> <InPorts = 3> <OutPorts = 1>
ST_1 : Operation 146 [1/1] (0.00ns)   --->   "%tmp_45 = call i1 @_ssdm_op_BitSelect.i1.i64.i32(i64 %p_Val2_s, i32 19)" [src/getMask.cpp:48->src/traffic_gen_rx.cpp:43]   --->   Operation 146 'bitselect' 'tmp_45' <Predicate = true> <Delay = 0.00>
ST_1 : Operation 147 [1/1] (0.17ns)   --->   "%select_ln48 = select i1 %tmp_45, i8 -1, i8 0" [src/getMask.cpp:48->src/traffic_gen_rx.cpp:43]   --->   Operation 147 'select' 'select_ln48' <Predicate = true> <Delay = 0.17> <Core = "Sel">   --->   Core 26 'Sel' <Latency = 0> <II = 1> <Delay = 0.17> <FuncUnit> <Opcode : 'select'> <InPorts = 3> <OutPorts = 1>
ST_1 : Operation 148 [1/1] (0.00ns)   --->   "%tmp_46 = call i1 @_ssdm_op_BitSelect.i1.i64.i32(i64 %p_Val2_s, i32 18)" [src/getMask.cpp:49->src/traffic_gen_rx.cpp:43]   --->   Operation 148 'bitselect' 'tmp_46' <Predicate = true> <Delay = 0.00>
ST_1 : Operation 149 [1/1] (0.17ns)   --->   "%select_ln49 = select i1 %tmp_46, i8 -1, i8 0" [src/getMask.cpp:49->src/traffic_gen_rx.cpp:43]   --->   Operation 149 'select' 'select_ln49' <Predicate = true> <Delay = 0.17> <Core = "Sel">   --->   Core 26 'Sel' <Latency = 0> <II = 1> <Delay = 0.17> <FuncUnit> <Opcode : 'select'> <InPorts = 3> <OutPorts = 1>
ST_1 : Operation 150 [1/1] (0.00ns)   --->   "%tmp_47 = call i1 @_ssdm_op_BitSelect.i1.i64.i32(i64 %p_Val2_s, i32 17)" [src/getMask.cpp:50->src/traffic_gen_rx.cpp:43]   --->   Operation 150 'bitselect' 'tmp_47' <Predicate = true> <Delay = 0.00>
ST_1 : Operation 151 [1/1] (0.17ns)   --->   "%select_ln50 = select i1 %tmp_47, i8 -1, i8 0" [src/getMask.cpp:50->src/traffic_gen_rx.cpp:43]   --->   Operation 151 'select' 'select_ln50' <Predicate = true> <Delay = 0.17> <Core = "Sel">   --->   Core 26 'Sel' <Latency = 0> <II = 1> <Delay = 0.17> <FuncUnit> <Opcode : 'select'> <InPorts = 3> <OutPorts = 1>
ST_1 : Operation 152 [1/1] (0.00ns)   --->   "%tmp_48 = call i1 @_ssdm_op_BitSelect.i1.i64.i32(i64 %p_Val2_s, i32 16)" [src/getMask.cpp:51->src/traffic_gen_rx.cpp:43]   --->   Operation 152 'bitselect' 'tmp_48' <Predicate = true> <Delay = 0.00>
ST_1 : Operation 153 [1/1] (0.17ns)   --->   "%select_ln51 = select i1 %tmp_48, i8 -1, i8 0" [src/getMask.cpp:51->src/traffic_gen_rx.cpp:43]   --->   Operation 153 'select' 'select_ln51' <Predicate = true> <Delay = 0.17> <Core = "Sel">   --->   Core 26 'Sel' <Latency = 0> <II = 1> <Delay = 0.17> <FuncUnit> <Opcode : 'select'> <InPorts = 3> <OutPorts = 1>
ST_1 : Operation 154 [1/1] (0.00ns)   --->   "%tmp_49 = call i1 @_ssdm_op_BitSelect.i1.i64.i32(i64 %p_Val2_s, i32 15)" [src/getMask.cpp:52->src/traffic_gen_rx.cpp:43]   --->   Operation 154 'bitselect' 'tmp_49' <Predicate = true> <Delay = 0.00>
ST_1 : Operation 155 [1/1] (0.17ns)   --->   "%select_ln52 = select i1 %tmp_49, i8 -1, i8 0" [src/getMask.cpp:52->src/traffic_gen_rx.cpp:43]   --->   Operation 155 'select' 'select_ln52' <Predicate = true> <Delay = 0.17> <Core = "Sel">   --->   Core 26 'Sel' <Latency = 0> <II = 1> <Delay = 0.17> <FuncUnit> <Opcode : 'select'> <InPorts = 3> <OutPorts = 1>
ST_1 : Operation 156 [1/1] (0.00ns)   --->   "%tmp_50 = call i1 @_ssdm_op_BitSelect.i1.i64.i32(i64 %p_Val2_s, i32 14)" [src/getMask.cpp:53->src/traffic_gen_rx.cpp:43]   --->   Operation 156 'bitselect' 'tmp_50' <Predicate = true> <Delay = 0.00>
ST_1 : Operation 157 [1/1] (0.17ns)   --->   "%select_ln53 = select i1 %tmp_50, i8 -1, i8 0" [src/getMask.cpp:53->src/traffic_gen_rx.cpp:43]   --->   Operation 157 'select' 'select_ln53' <Predicate = true> <Delay = 0.17> <Core = "Sel">   --->   Core 26 'Sel' <Latency = 0> <II = 1> <Delay = 0.17> <FuncUnit> <Opcode : 'select'> <InPorts = 3> <OutPorts = 1>
ST_1 : Operation 158 [1/1] (0.00ns)   --->   "%tmp_51 = call i1 @_ssdm_op_BitSelect.i1.i64.i32(i64 %p_Val2_s, i32 13)" [src/getMask.cpp:54->src/traffic_gen_rx.cpp:43]   --->   Operation 158 'bitselect' 'tmp_51' <Predicate = true> <Delay = 0.00>
ST_1 : Operation 159 [1/1] (0.17ns)   --->   "%select_ln54 = select i1 %tmp_51, i8 -1, i8 0" [src/getMask.cpp:54->src/traffic_gen_rx.cpp:43]   --->   Operation 159 'select' 'select_ln54' <Predicate = true> <Delay = 0.17> <Core = "Sel">   --->   Core 26 'Sel' <Latency = 0> <II = 1> <Delay = 0.17> <FuncUnit> <Opcode : 'select'> <InPorts = 3> <OutPorts = 1>
ST_1 : Operation 160 [1/1] (0.00ns)   --->   "%tmp_52 = call i1 @_ssdm_op_BitSelect.i1.i64.i32(i64 %p_Val2_s, i32 12)" [src/getMask.cpp:55->src/traffic_gen_rx.cpp:43]   --->   Operation 160 'bitselect' 'tmp_52' <Predicate = true> <Delay = 0.00>
ST_1 : Operation 161 [1/1] (0.17ns)   --->   "%select_ln55 = select i1 %tmp_52, i8 -1, i8 0" [src/getMask.cpp:55->src/traffic_gen_rx.cpp:43]   --->   Operation 161 'select' 'select_ln55' <Predicate = true> <Delay = 0.17> <Core = "Sel">   --->   Core 26 'Sel' <Latency = 0> <II = 1> <Delay = 0.17> <FuncUnit> <Opcode : 'select'> <InPorts = 3> <OutPorts = 1>
ST_1 : Operation 162 [1/1] (0.00ns)   --->   "%tmp_53 = call i1 @_ssdm_op_BitSelect.i1.i64.i32(i64 %p_Val2_s, i32 11)" [src/getMask.cpp:56->src/traffic_gen_rx.cpp:43]   --->   Operation 162 'bitselect' 'tmp_53' <Predicate = true> <Delay = 0.00>
ST_1 : Operation 163 [1/1] (0.17ns)   --->   "%select_ln56 = select i1 %tmp_53, i8 -1, i8 0" [src/getMask.cpp:56->src/traffic_gen_rx.cpp:43]   --->   Operation 163 'select' 'select_ln56' <Predicate = true> <Delay = 0.17> <Core = "Sel">   --->   Core 26 'Sel' <Latency = 0> <II = 1> <Delay = 0.17> <FuncUnit> <Opcode : 'select'> <InPorts = 3> <OutPorts = 1>
ST_1 : Operation 164 [1/1] (0.00ns)   --->   "%tmp_54 = call i1 @_ssdm_op_BitSelect.i1.i64.i32(i64 %p_Val2_s, i32 10)" [src/getMask.cpp:57->src/traffic_gen_rx.cpp:43]   --->   Operation 164 'bitselect' 'tmp_54' <Predicate = true> <Delay = 0.00>
ST_1 : Operation 165 [1/1] (0.17ns)   --->   "%select_ln57 = select i1 %tmp_54, i8 -1, i8 0" [src/getMask.cpp:57->src/traffic_gen_rx.cpp:43]   --->   Operation 165 'select' 'select_ln57' <Predicate = true> <Delay = 0.17> <Core = "Sel">   --->   Core 26 'Sel' <Latency = 0> <II = 1> <Delay = 0.17> <FuncUnit> <Opcode : 'select'> <InPorts = 3> <OutPorts = 1>
ST_1 : Operation 166 [1/1] (0.00ns)   --->   "%tmp_55 = call i1 @_ssdm_op_BitSelect.i1.i64.i32(i64 %p_Val2_s, i32 9)" [src/getMask.cpp:58->src/traffic_gen_rx.cpp:43]   --->   Operation 166 'bitselect' 'tmp_55' <Predicate = true> <Delay = 0.00>
ST_1 : Operation 167 [1/1] (0.17ns)   --->   "%select_ln58 = select i1 %tmp_55, i8 -1, i8 0" [src/getMask.cpp:58->src/traffic_gen_rx.cpp:43]   --->   Operation 167 'select' 'select_ln58' <Predicate = true> <Delay = 0.17> <Core = "Sel">   --->   Core 26 'Sel' <Latency = 0> <II = 1> <Delay = 0.17> <FuncUnit> <Opcode : 'select'> <InPorts = 3> <OutPorts = 1>
ST_1 : Operation 168 [1/1] (0.00ns)   --->   "%tmp_56 = call i1 @_ssdm_op_BitSelect.i1.i64.i32(i64 %p_Val2_s, i32 8)" [src/getMask.cpp:59->src/traffic_gen_rx.cpp:43]   --->   Operation 168 'bitselect' 'tmp_56' <Predicate = true> <Delay = 0.00>
ST_1 : Operation 169 [1/1] (0.17ns)   --->   "%select_ln59 = select i1 %tmp_56, i8 -1, i8 0" [src/getMask.cpp:59->src/traffic_gen_rx.cpp:43]   --->   Operation 169 'select' 'select_ln59' <Predicate = true> <Delay = 0.17> <Core = "Sel">   --->   Core 26 'Sel' <Latency = 0> <II = 1> <Delay = 0.17> <FuncUnit> <Opcode : 'select'> <InPorts = 3> <OutPorts = 1>
ST_1 : Operation 170 [1/1] (0.00ns)   --->   "%tmp_57 = call i1 @_ssdm_op_BitSelect.i1.i64.i32(i64 %p_Val2_s, i32 7)" [src/getMask.cpp:60->src/traffic_gen_rx.cpp:43]   --->   Operation 170 'bitselect' 'tmp_57' <Predicate = true> <Delay = 0.00>
ST_1 : Operation 171 [1/1] (0.17ns)   --->   "%select_ln60 = select i1 %tmp_57, i8 -1, i8 0" [src/getMask.cpp:60->src/traffic_gen_rx.cpp:43]   --->   Operation 171 'select' 'select_ln60' <Predicate = true> <Delay = 0.17> <Core = "Sel">   --->   Core 26 'Sel' <Latency = 0> <II = 1> <Delay = 0.17> <FuncUnit> <Opcode : 'select'> <InPorts = 3> <OutPorts = 1>
ST_1 : Operation 172 [1/1] (0.00ns)   --->   "%tmp_58 = call i1 @_ssdm_op_BitSelect.i1.i64.i32(i64 %p_Val2_s, i32 6)" [src/getMask.cpp:61->src/traffic_gen_rx.cpp:43]   --->   Operation 172 'bitselect' 'tmp_58' <Predicate = true> <Delay = 0.00>
ST_1 : Operation 173 [1/1] (0.17ns)   --->   "%select_ln61 = select i1 %tmp_58, i8 -1, i8 0" [src/getMask.cpp:61->src/traffic_gen_rx.cpp:43]   --->   Operation 173 'select' 'select_ln61' <Predicate = true> <Delay = 0.17> <Core = "Sel">   --->   Core 26 'Sel' <Latency = 0> <II = 1> <Delay = 0.17> <FuncUnit> <Opcode : 'select'> <InPorts = 3> <OutPorts = 1>
ST_1 : Operation 174 [1/1] (0.00ns)   --->   "%tmp_59 = call i1 @_ssdm_op_BitSelect.i1.i64.i32(i64 %p_Val2_s, i32 5)" [src/getMask.cpp:62->src/traffic_gen_rx.cpp:43]   --->   Operation 174 'bitselect' 'tmp_59' <Predicate = true> <Delay = 0.00>
ST_1 : Operation 175 [1/1] (0.17ns)   --->   "%select_ln62 = select i1 %tmp_59, i8 -1, i8 0" [src/getMask.cpp:62->src/traffic_gen_rx.cpp:43]   --->   Operation 175 'select' 'select_ln62' <Predicate = true> <Delay = 0.17> <Core = "Sel">   --->   Core 26 'Sel' <Latency = 0> <II = 1> <Delay = 0.17> <FuncUnit> <Opcode : 'select'> <InPorts = 3> <OutPorts = 1>
ST_1 : Operation 176 [1/1] (0.00ns)   --->   "%tmp_60 = call i1 @_ssdm_op_BitSelect.i1.i64.i32(i64 %p_Val2_s, i32 4)" [src/getMask.cpp:63->src/traffic_gen_rx.cpp:43]   --->   Operation 176 'bitselect' 'tmp_60' <Predicate = true> <Delay = 0.00>
ST_1 : Operation 177 [1/1] (0.17ns)   --->   "%select_ln63 = select i1 %tmp_60, i8 -1, i8 0" [src/getMask.cpp:63->src/traffic_gen_rx.cpp:43]   --->   Operation 177 'select' 'select_ln63' <Predicate = true> <Delay = 0.17> <Core = "Sel">   --->   Core 26 'Sel' <Latency = 0> <II = 1> <Delay = 0.17> <FuncUnit> <Opcode : 'select'> <InPorts = 3> <OutPorts = 1>
ST_1 : Operation 178 [1/1] (0.00ns)   --->   "%tmp_61 = call i1 @_ssdm_op_BitSelect.i1.i64.i32(i64 %p_Val2_s, i32 3)" [src/getMask.cpp:64->src/traffic_gen_rx.cpp:43]   --->   Operation 178 'bitselect' 'tmp_61' <Predicate = true> <Delay = 0.00>
ST_1 : Operation 179 [1/1] (0.17ns)   --->   "%select_ln64 = select i1 %tmp_61, i8 -1, i8 0" [src/getMask.cpp:64->src/traffic_gen_rx.cpp:43]   --->   Operation 179 'select' 'select_ln64' <Predicate = true> <Delay = 0.17> <Core = "Sel">   --->   Core 26 'Sel' <Latency = 0> <II = 1> <Delay = 0.17> <FuncUnit> <Opcode : 'select'> <InPorts = 3> <OutPorts = 1>
ST_1 : Operation 180 [1/1] (0.00ns)   --->   "%tmp_62 = call i1 @_ssdm_op_BitSelect.i1.i64.i32(i64 %p_Val2_s, i32 2)" [src/getMask.cpp:65->src/traffic_gen_rx.cpp:43]   --->   Operation 180 'bitselect' 'tmp_62' <Predicate = true> <Delay = 0.00>
ST_1 : Operation 181 [1/1] (0.17ns)   --->   "%select_ln65 = select i1 %tmp_62, i8 -1, i8 0" [src/getMask.cpp:65->src/traffic_gen_rx.cpp:43]   --->   Operation 181 'select' 'select_ln65' <Predicate = true> <Delay = 0.17> <Core = "Sel">   --->   Core 26 'Sel' <Latency = 0> <II = 1> <Delay = 0.17> <FuncUnit> <Opcode : 'select'> <InPorts = 3> <OutPorts = 1>
ST_1 : Operation 182 [1/1] (0.00ns)   --->   "%tmp_63 = call i1 @_ssdm_op_BitSelect.i1.i64.i32(i64 %p_Val2_s, i32 1)" [src/getMask.cpp:66->src/traffic_gen_rx.cpp:43]   --->   Operation 182 'bitselect' 'tmp_63' <Predicate = true> <Delay = 0.00>
ST_1 : Operation 183 [1/1] (0.17ns)   --->   "%select_ln66 = select i1 %tmp_63, i8 -1, i8 0" [src/getMask.cpp:66->src/traffic_gen_rx.cpp:43]   --->   Operation 183 'select' 'select_ln66' <Predicate = true> <Delay = 0.17> <Core = "Sel">   --->   Core 26 'Sel' <Latency = 0> <II = 1> <Delay = 0.17> <FuncUnit> <Opcode : 'select'> <InPorts = 3> <OutPorts = 1>
ST_1 : Operation 184 [1/1] (0.17ns)   --->   "%select_ln67 = select i1 %trunc_ln791, i8 -1, i8 0" [src/getMask.cpp:67->src/traffic_gen_rx.cpp:43]   --->   Operation 184 'select' 'select_ln67' <Predicate = true> <Delay = 0.17> <Core = "Sel">   --->   Core 26 'Sel' <Latency = 0> <II = 1> <Delay = 0.17> <FuncUnit> <Opcode : 'select'> <InPorts = 3> <OutPorts = 1>
ST_1 : Operation 185 [1/1] (0.00ns)   --->   "%tmp = call i505 @_ssdm_op_BitConcatenate.i505.i1.i8.i8.i8.i8.i8.i8.i8.i8.i8.i8.i8.i8.i8.i8.i8.i8.i8.i8.i8.i8.i8.i8.i8.i8.i8.i8.i8.i8.i8.i8.i8.i8.i8.i8.i8.i8.i8.i8.i8.i8.i8.i8.i8.i8.i8.i8.i8.i8.i8.i8.i8.i8.i8.i8.i8.i8.i8.i8.i8.i8.i8.i8.i8(i1 %tmp_1, i8 %select_ln5, i8 %select_ln6, i8 %select_ln7, i8 %select_ln8, i8 %select_ln9, i8 %select_ln10, i8 %select_ln11, i8 %select_ln12, i8 %select_ln13, i8 %select_ln14, i8 %select_ln15, i8 %select_ln16, i8 %select_ln17, i8 %select_ln18, i8 %select_ln19, i8 %select_ln20, i8 %select_ln21, i8 %select_ln22, i8 %select_ln23, i8 %select_ln24, i8 %select_ln25, i8 %select_ln26, i8 %select_ln27, i8 %select_ln28, i8 %select_ln29, i8 %select_ln30, i8 %select_ln31, i8 %select_ln32, i8 %select_ln33, i8 %select_ln34, i8 %select_ln35, i8 %select_ln36, i8 %select_ln37, i8 %select_ln38, i8 %select_ln39, i8 %select_ln40, i8 %select_ln41, i8 %select_ln42, i8 %select_ln43, i8 %select_ln44, i8 %select_ln45, i8 %select_ln46, i8 %select_ln47, i8 %select_ln48, i8 %select_ln49, i8 %select_ln50, i8 %select_ln51, i8 %select_ln52, i8 %select_ln53, i8 %select_ln54, i8 %select_ln55, i8 %select_ln56, i8 %select_ln57, i8 %select_ln58, i8 %select_ln59, i8 %select_ln60, i8 %select_ln61, i8 %select_ln62, i8 %select_ln63, i8 %select_ln64, i8 %select_ln65, i8 %select_ln66, i8 %select_ln67)" [src/getMask.cpp:67->src/traffic_gen_rx.cpp:43]   --->   Operation 185 'bitconcatenate' 'tmp' <Predicate = true> <Delay = 0.00>
ST_1 : Operation 186 [1/1] (0.00ns)   --->   "%p_Result_s = sext i505 %tmp to i512" [src/getMask.cpp:67->src/traffic_gen_rx.cpp:43]   --->   Operation 186 'sext' 'p_Result_s' <Predicate = true> <Delay = 0.00>
ST_1 : Operation 187 [1/1] (0.00ns)   --->   "br i1 %lhs_V, label %3, label %._crit_edge184" [src/traffic_gen_rx.cpp:44]   --->   Operation 187 'br' <Predicate = true> <Delay = 0.00>
ST_1 : Operation 188 [1/1] (0.00ns)   --->   "%from_cmp_fifo_tvalid = call i1 @_ssdm_op_Read.ap_none.i1P(i1* %from_cmp_fifo_tvalid_V)" [src/traffic_gen_rx.cpp:45]   --->   Operation 188 'read' 'from_cmp_fifo_tvalid' <Predicate = (lhs_V)> <Delay = 0.00>
ST_1 : Operation 189 [1/1] (0.00ns)   --->   "br i1 %from_cmp_fifo_tvalid, label %4, label %._crit_edge185" [src/traffic_gen_rx.cpp:45]   --->   Operation 189 'br' <Predicate = (lhs_V)> <Delay = 0.00>
ST_1 : Operation 190 [1/1] (0.00ns)   --->   "%lhs_V_1 = call i512 @_ssdm_op_Read.ap_none.i512P(i512* %from_app_tdata_V)" [src/traffic_gen_rx.cpp:46]   --->   Operation 190 'read' 'lhs_V_1' <Predicate = (lhs_V & from_cmp_fifo_tvalid)> <Delay = 0.00>
ST_1 : Operation 191 [1/1] (0.00ns)   --->   "%lhs_V_2 = call i512 @_ssdm_op_Read.ap_none.i512P(i512* %from_cmp_fifo_tdata_V)" [src/traffic_gen_rx.cpp:46]   --->   Operation 191 'read' 'lhs_V_2' <Predicate = (lhs_V & from_cmp_fifo_tvalid)> <Delay = 0.00>
ST_1 : Operation 192 [1/1] (0.00ns) (grouped into LUT with out node icmp_ln883)   --->   "%xor_ln883 = xor i512 %lhs_V_2, %lhs_V_1" [src/traffic_gen_rx.cpp:46]   --->   Operation 192 'xor' 'xor_ln883' <Predicate = (lhs_V & from_cmp_fifo_tvalid)> <Delay = 0.00> <Core = "LogicGate">   --->   Core 27 'LogicGate' <Latency = 0> <II = 1> <Delay = 0.28> <FuncUnit> <Opcode : 'and' 'or' 'xor'> <InPorts = 2> <OutPorts = 1>
ST_1 : Operation 193 [1/1] (0.00ns) (grouped into LUT with out node icmp_ln883)   --->   "%and_ln883 = and i512 %xor_ln883, %p_Result_s" [src/traffic_gen_rx.cpp:46]   --->   Operation 193 'and' 'and_ln883' <Predicate = (lhs_V & from_cmp_fifo_tvalid)> <Delay = 0.00> <Core = "LogicGate">   --->   Core 27 'LogicGate' <Latency = 0> <II = 1> <Delay = 0.28> <FuncUnit> <Opcode : 'and' 'or' 'xor'> <InPorts = 2> <OutPorts = 1>
ST_1 : Operation 194 [1/1] (1.53ns) (out node of the LUT)   --->   "%icmp_ln883 = icmp eq i512 %and_ln883, 0" [src/traffic_gen_rx.cpp:46]   --->   Operation 194 'icmp' 'icmp_ln883' <Predicate = (lhs_V & from_cmp_fifo_tvalid)> <Delay = 1.53> <Core = "Cmp">   --->   Core 25 'Cmp' <Latency = 0> <II = 1> <Delay = 1.13> <FuncUnit> <Opcode : 'icmp'> <InPorts = 2> <OutPorts = 1>
ST_1 : Operation 195 [1/1] (0.00ns)   --->   "br i1 %icmp_ln883, label %5, label %._crit_edge185" [src/traffic_gen_rx.cpp:46]   --->   Operation 195 'br' <Predicate = (lhs_V & from_cmp_fifo_tvalid)> <Delay = 0.00>
ST_1 : Operation 196 [1/1] (0.00ns)   --->   "%from_app_tkeep_V_rea = call i64 @_ssdm_op_Read.ap_none.i64P(i64* %from_app_tkeep_V)" [src/traffic_gen_rx.cpp:47]   --->   Operation 196 'read' 'from_app_tkeep_V_rea' <Predicate = (lhs_V & from_cmp_fifo_tvalid & icmp_ln883)> <Delay = 0.00>
ST_1 : Operation 197 [1/1] (1.13ns)   --->   "%icmp_ln883_1 = icmp eq i64 %from_app_tkeep_V_rea, %p_Val2_s" [src/traffic_gen_rx.cpp:47]   --->   Operation 197 'icmp' 'icmp_ln883_1' <Predicate = (lhs_V & from_cmp_fifo_tvalid & icmp_ln883)> <Delay = 1.13> <Core = "Cmp">   --->   Core 25 'Cmp' <Latency = 0> <II = 1> <Delay = 1.13> <FuncUnit> <Opcode : 'icmp'> <InPorts = 2> <OutPorts = 1>
ST_1 : Operation 198 [1/1] (0.00ns)   --->   "br i1 %icmp_ln883_1, label %6, label %._crit_edge185" [src/traffic_gen_rx.cpp:47]   --->   Operation 198 'br' <Predicate = (lhs_V & from_cmp_fifo_tvalid & icmp_ln883)> <Delay = 0.00>
ST_1 : Operation 199 [1/1] (0.00ns)   --->   "%from_cmp_fifo_tlast_s = call i1 @_ssdm_op_Read.ap_none.i1P(i1* %from_cmp_fifo_tlast_V)" [src/traffic_gen_rx.cpp:48]   --->   Operation 199 'read' 'from_cmp_fifo_tlast_s' <Predicate = (lhs_V & from_cmp_fifo_tvalid & icmp_ln883 & icmp_ln883_1)> <Delay = 0.00>
ST_1 : Operation 200 [1/1] (0.28ns)   --->   "%xor_ln883_1 = xor i1 %rhs_V, %from_cmp_fifo_tlast_s" [src/traffic_gen_rx.cpp:48]   --->   Operation 200 'xor' 'xor_ln883_1' <Predicate = (lhs_V & from_cmp_fifo_tvalid & icmp_ln883 & icmp_ln883_1)> <Delay = 0.28> <Core = "LogicGate">   --->   Core 27 'LogicGate' <Latency = 0> <II = 1> <Delay = 0.28> <FuncUnit> <Opcode : 'and' 'or' 'xor'> <InPorts = 2> <OutPorts = 1>
ST_1 : Operation 201 [1/1] (0.00ns)   --->   "br i1 %xor_ln883_1, label %._crit_edge185, label %._crit_edge184" [src/traffic_gen_rx.cpp:48]   --->   Operation 201 'br' <Predicate = (lhs_V & from_cmp_fifo_tvalid & icmp_ln883 & icmp_ln883_1)> <Delay = 0.00>
ST_1 : Operation 202 [1/1] (0.00ns)   --->   "store i1 true, i1* @mismatch_reg_V, align 1" [src/traffic_gen_rx.cpp:50]   --->   Operation 202 'store' <Predicate = (lhs_V & xor_ln883_1) | (lhs_V & !icmp_ln883_1) | (lhs_V & !icmp_ln883) | (lhs_V & !from_cmp_fifo_tvalid)> <Delay = 0.00>
ST_1 : Operation 203 [1/1] (0.00ns)   --->   "br label %._crit_edge184" [src/traffic_gen_rx.cpp:51]   --->   Operation 203 'br' <Predicate = (lhs_V & xor_ln883_1) | (lhs_V & !icmp_ln883_1) | (lhs_V & !icmp_ln883) | (lhs_V & !from_cmp_fifo_tvalid)> <Delay = 0.00>
ST_1 : Operation 204 [1/1] (0.00ns)   --->   "ret void" [src/traffic_gen_rx.cpp:53]   --->   Operation 204 'ret' <Predicate = true> <Delay = 0.00>


============================================================
+ Verbose Summary: Timing violations
============================================================
Target clock period: 3.1ns, clock uncertainty: 0.388ns.

 <State 1>: 1.72ns
The critical path consists of the following:
	wire read on port 'from_cmp_fifo_tkeep_V' (src/traffic_gen_rx.cpp:43) [83]  (0 ns)
	'select' operation ('select_ln7', src/getMask.cpp:7->src/traffic_gen_rx.cpp:43) [91]  (0.179 ns)
	'and' operation ('and_ln883', src/traffic_gen_rx.cpp:46) [221]  (0 ns)
	'icmp' operation ('icmp_ln883', src/traffic_gen_rx.cpp:46) [222]  (1.54 ns)


============================================================
+ Verbose Summary: Binding
============================================================
N/A
* FSMD analyzer results:
  - Output states:
 - Input state : 
  - Chain level:
	State 1


============================================================
+ Verbose Summary: Datapath Resource usage 
============================================================
N/A
